=========================
Fcitx 4.99.0 -- Get Signal No.: 6
Date: try "date -d @1587970830" if you are using GNU date ***
ProcessID: 962
fcitx5(+0xa50e)[0x565299ab150e]
/usr/lib/libc.so.6(+0x3bd70)[0x7ff7c57acd70]
/usr/lib/libc.so.6(gsignal+0x145)[0x7ff7c57acce5]
/usr/lib/libc.so.6(abort+0x12b)[0x7ff7c5796857]
/usr/lib/libFcitx5Utils.so.1(+0x35801)[0x7ff7c5bb3801]
/usr/lib/libsystemd.so.0(+0x6f455)[0x7ff7c56bf455]
/usr/lib/libsystemd.so.0(+0x56d61)[0x7ff7c56a6d61]
/usr/lib/libsystemd.so.0(+0x57204)[0x7ff7c56a7204]
/usr/lib/libsystemd.so.0(+0x3ed67)[0x7ff7c568ed67]
/usr/lib/libsystemd.so.0(sd_event_dispatch+0x11a)[0x7ff7c568f80a]
/usr/lib/libsystemd.so.0(sd_event_run+0x99)[0x7ff7c5693229]
/usr/lib/libsystemd.so.0(sd_event_loop+0x58)[0x7ff7c5693448]
/usr/lib/libFcitx5Utils.so.1(_ZN5fcitx9EventLoop4execEv+0x12)[0x7ff7c5bbd492]
/usr/lib/libFcitx5Core.so.5(_ZN5fcitx8Instance4execEv+0x4e)[0x7ff7c5c91f1e]
fcitx5(+0x90b2)[0x565299ab00b2]
/usr/lib/libc.so.6(__libc_start_main+0xf3)[0x7ff7c5798023]
fcitx5(+0x985e)[0x565299ab085e]
