

-----------------------------------------
17:33:38.307 : Starting log.
17:33:38.307 INFO : Cataclysm DDA version 0.G
17:33:38.308 INFO : [main] C locale set to zh_CN.UTF-8
17:33:38.308 INFO : [main] C++ locale set to zh_CN.UTF-8
17:33:38.308 INFO : SDL version used during compile is 2.26.3
17:33:38.308 INFO : SDL version used during linking and in runtime is 2.26.5
17:33:38.459 INFO : Number of render drivers on your system: 3
17:33:38.459 INFO : Render driver: 0/opengl
17:33:38.459 INFO : Render driver: 1/opengles2
17:33:38.459 INFO : Render driver: 2/software
17:33:38.461 INFO : [options] C locale set to zh_CN.UTF-8
17:33:38.461 INFO : [options] C++ locale set to zh_CN.UTF-8
17:33:38.461 INFO : Setting language to: 'zh_CN'
17:33:38.461 INFO : [i18n] Scanning core translations from /usr/share/locale
17:33:38.461 INFO : [i18n] Scanning mod translations from /home/vitalyr/.local/share/cataclysm-dda/mods/
17:33:38.461 WARNING : opendir [/home/vitalyr/.local/share/cataclysm-dda/mods/] failed with "没有那个文件或目录".
17:33:38.632 WARNING : opendir [/usr/share/cataclysm-dda/cache] failed with "没有那个文件或目录".
17:33:38.767 INFO : Active renderer: 0/opengl
17:33:39.072 INFO : USE_COLOR_MODULATED_TEXTURES is set to 1
17:33:39.072 INFO : ColorModulatedGeometryRenderer constructor() = FAIL. tex_enable = 1
17:33:39.223 INFO : Setting language to: 'zh_CN'
17:33:39.248 WARNING : opendir [/home/vitalyr/.local/share/cataclysm-dda/mods] failed with "没有那个文件或目录".
17:34:49.262 WARNING : opendir [/home/vitalyr/.local/share/cataclysm-dda/save/休斯敦/mods] failed with "没有那个文件或目录".
17:34:49.702 INFO : src/mod_tracker.h:68: Tried check if 'FakeSpecial_s_gas' had a duplicate, but type 'overmap_special' does not track object sources
17:34:52.723 ERROR SDL : (error message will follow backtrace)
    /usr/bin/cataclysm-tiles(debug_write_backtrace(std::ostream&)+0x3e) [0x559855cf1dcf]
    /usr/bin/cataclysm-tiles(DebugLog(DebugLevel, DebugClass)+0x23a) [0x559855cf735a]
    /usr/bin/cataclysm-tiles(tileset_cache::loader::load(std::__cxx11::basic_string<char, std::char_traits<char>, std::allocator<char> > const&, bool, bool)+0x1147) [0x559855ba753b]
    /usr/bin/cataclysm-tiles(tileset_cache::load_tileset(std::__cxx11::basic_string<char, std::char_traits<char>, std::allocator<char> > const&, std::unique_ptr<SDL_Renderer, SDL_Renderer_deleter> const&, bool, bool, bool)+0x5a6) [0x559855bb0490]
    /usr/bin/cataclysm-tiles(cata_tiles::load_tileset(std::__cxx11::basic_string<char, std::char_traits<char>, std::allocator<char> > const&, bool, bool, bool)+0x75) [0x559855b96477]
    /usr/bin/cataclysm-tiles(load_tileset()+0x83) [0x5598563b6684]
    /usr/bin/cataclysm-tiles(DynamicDataLoader::finalize_loaded_data(loading_ui&)+0x1e4c) [0x559855e9ed34]
    /usr/bin/cataclysm-tiles(game::load_world_modfiles(loading_ui&)+0x3a0) [0x559855de34e8]
    /usr/bin/cataclysm-tiles(game::setup()+0x10b) [0x559855de3671]
    /usr/bin/cataclysm-tiles(main_menu::load_game(std::__cxx11::basic_string<char, std::char_traits<char>, std::allocator<char> > const&, save_t const&)+0xef) [0x55985602d85f]
    /usr/bin/cataclysm-tiles(main_menu::load_character_tab(std::__cxx11::basic_string<char, std::char_traits<char>, std::allocator<char> > const&)+0x4ef) [0x55985602ea27]
    /usr/bin/cataclysm-tiles(main_menu::opening_screen()+0x10c8) [0x559856030192]
    /usr/bin/cataclysm-tiles(main+0x1b1a) [0x559855763759]
    /usr/lib/libc.so.6(+0x23850) [0x7f662374c850]
    /usr/lib/libc.so.6(__libc_start_main+0x8a) [0x7f662374c90a]
    /usr/bin/cataclysm-tiles(_start+0x25) [0x559855a8f4a5]

    Attempting to repeat stack trace using debug symbols…
    debug_write_backtrace(std::ostream&)
    ??:?
    DebugLog(DebugLevel, DebugClass)
    ??:?
    tileset_cache::loader::load(std::__cxx11::basic_string<char, std::char_traits<char>, std::allocator<char> > const&, bool, bool)
    ??:?
    tileset_cache::load_tileset(std::__cxx11::basic_string<char, std::char_traits<char>, std::allocator<char> > const&, std::unique_ptr<SDL_Renderer, SDL_Renderer_deleter> const&, bool, bool, bool)
    ??:?
    cata_tiles::load_tileset(std::__cxx11::basic_string<char, std::char_traits<char>, std::allocator<char> > const&, bool, bool, bool)
    ??:?
    load_tileset()
    ??:?
    DynamicDataLoader::finalize_loaded_data(loading_ui&)
    ??:?
    game::load_world_modfiles(loading_ui&)
    ??:?
    game::setup()
    ??:?
    main_menu::load_game(std::__cxx11::basic_string<char, std::char_traits<char>, std::allocator<char> > const&, save_t const&)
    ??:?
    main_menu::load_character_tab(std::__cxx11::basic_string<char, std::char_traits<char>, std::allocator<char> > const&)
    ??:?
    main_menu::opening_screen()
    ??:?
    main
    ??:?
    ??
    ??:0
    ??
    ??:0
    _start
    ??:?
Backtrace emission took 0 seconds.
(continued from above) ERROR : src/cata_tiles.cpp:745: The tileset you're using has no 'unknown' tile defined!
17:34:53.094 INFO : Loaded tileset: Cuteclysm
17:34:53.137 ERROR SDL : src/cata_tiles.cpp:745: The tileset you're using has no 'unknown' tile defined!
17:34:53.137 INFO : Loaded tileset: Cuteclysm
17:38:28.951 WARNING : opendir [/home/vitalyr/.local/share/cataclysm-dda/save/休斯敦/mods] failed with "没有那个文件或目录".
17:38:32.048 INFO : Loaded tileset: Cuteclysm
17:38:32.049 INFO : Loaded tileset: Cuteclysm
19:00:42.588 ERROR : (error message will follow backtrace)
    /usr/bin/cataclysm-tiles(debug_write_backtrace(std::ostream&)+0x3e) [0x559855cf1dcf]
    /usr/bin/cataclysm-tiles(DebugLog(DebugLevel, DebugClass)+0x23a) [0x559855cf735a]
    /usr/bin/cataclysm-tiles(realDebugmsg(char const*, char const*, char const*, std::__cxx11::basic_string<char, std::char_traits<char>, std::allocator<char> > const&)+0x17a) [0x559855cf9145]
    /usr/bin/cataclysm-tiles(+0x5b8a4c) [0x559855a99a4c]
    /usr/bin/cataclysm-tiles(Pickup::do_pickup(std::vector<item_location, std::allocator<item_location> >&, std::vector<int, std::allocator<int> >&, bool, bool&)+0x121) [0x5598562e3440]
    /usr/bin/cataclysm-tiles(pickup_activity_actor::do_turn(player_activity&, Character&)+0x119) [0x559855ab80db]
    /usr/bin/cataclysm-tiles(player_activity::do_turn(Character&)+0x316) [0x5598562e4fe2]
    /usr/bin/cataclysm-tiles(do_turn()+0x479) [0x559855d4183b]
    /usr/bin/cataclysm-tiles(main+0x1b38) [0x559855763777]
    /usr/lib/libc.so.6(+0x23850) [0x7f662374c850]
    /usr/lib/libc.so.6(__libc_start_main+0x8a) [0x7f662374c90a]
    /usr/bin/cataclysm-tiles(_start+0x25) [0x559855a8f4a5]

    Attempting to repeat stack trace using debug symbols…
    debug_write_backtrace(std::ostream&)
    ??:?
    DebugLog(DebugLevel, DebugClass)
    ??:?
    realDebugmsg(char const*, char const*, char const*, std::__cxx11::basic_string<char, std::char_traits<char>, std::allocator<char> > const&)
    ??:?
    achievements_tracker::~achievements_tracker()
    ??:?
    Pickup::do_pickup(std::vector<item_location, std::allocator<item_location> >&, std::vector<int, std::allocator<int> >&, bool, bool&)
    ??:?
    pickup_activity_actor::do_turn(player_activity&, Character&)
    ??:?
    player_activity::do_turn(Character&)
    ??:?
    do_turn()
    ??:?
    main
    ??:?
    ??
    ??:0
    ??
    ??:0
    _start
    ??:?
Backtrace emission took 0 seconds.
(continued from above) ERROR : src/pickup.cpp:336 [bool Pickup::do_pickup(std::vector<item_location>&, std::vector<int>&, bool, bool&)] lost target item of ACT_PICKUP
19:19:10.020 ERROR : (error message will follow backtrace)
    /usr/bin/cataclysm-tiles(debug_write_backtrace(std::ostream&)+0x3e) [0x559855cf1dcf]
    /usr/bin/cataclysm-tiles(DebugLog(DebugLevel, DebugClass)+0x23a) [0x559855cf735a]
    /usr/bin/cataclysm-tiles(realDebugmsg(char const*, char const*, char const*, std::__cxx11::basic_string<char, std::char_traits<char>, std::allocator<char> > const&)+0x17a) [0x559855cf9145]
    /usr/bin/cataclysm-tiles(+0x5b8a4c) [0x559855a99a4c]
    /usr/bin/cataclysm-tiles(+0xa7a2c2) [0x559855f5b2c2]
    /usr/bin/cataclysm-tiles(item_location::obtain(Character&, int)+0x77) [0x559855f4a69f]
    /usr/bin/cataclysm-tiles(+0x96cef4) [0x559855e4def4]
    /usr/bin/cataclysm-tiles(game::do_regular_action(action_id&, avatar&, cata::optional<tripoint> const&)+0x1c39) [0x559855e59b3d]
    /usr/bin/cataclysm-tiles(game::handle_action()+0xc16) [0x559855e5d998]
    /usr/bin/cataclysm-tiles(do_turn()+0x6ef) [0x559855d41ab1]
    /usr/bin/cataclysm-tiles(main+0x1b38) [0x559855763777]
    /usr/lib/libc.so.6(+0x23850) [0x7f662374c850]
    /usr/lib/libc.so.6(__libc_start_main+0x8a) [0x7f662374c90a]
    /usr/bin/cataclysm-tiles(_start+0x25) [0x559855a8f4a5]

    Attempting to repeat stack trace using debug symbols…
    debug_write_backtrace(std::ostream&)
    ??:?
    DebugLog(DebugLevel, DebugClass)
    ??:?
    realDebugmsg(char const*, char const*, char const*, std::__cxx11::basic_string<char, std::char_traits<char>, std::allocator<char> > const&)
    ??:?
    achievements_tracker::~achievements_tracker()
    ??:?
    item_location::operator==(item_location const&) const
    ??:?
    item_location::obtain(Character&, int)
    ??:?
    game::open_consume_item_menu()
    ??:?
    game::do_regular_action(action_id&, avatar&, cata::optional<tripoint> const&)
    ??:?
    game::handle_action()
    ??:?
    do_turn()
    ??:?
    main
    ??:?
    ??
    ??:0
    ??
    ??:0
    _start
    ??:?
Backtrace emission took 0 seconds.
(continued from above) ERROR : src/item_location.cpp:665 [virtual item_location item_location::impl::item_in_container::obtain(Character&, int)] failed to add item to character inventory while obtaining from container
19:31:09.250 INFO : npc::set_omt_destination - new goal for NPC [玛德琳·杰克逊] with [need_safety] is [campground_2b] in (342,417,0).
21:29:26.977 INFO : npc::set_omt_destination - new goal for NPC [伊利亚·马丁] with [need_safety] is [shelter_1_vandal] in (320,362,0).
22:17:15.969 : Log shutdown.
-----------------------------------------



-----------------------------------------
03:08:35.782 : Starting log.
03:08:35.783 INFO : Cataclysm DDA version 0.G
03:08:35.788 INFO : [main] C locale set to zh_CN.UTF-8
03:08:35.788 INFO : [main] C++ locale set to zh_CN.UTF-8
03:08:35.924 INFO : [options] C locale set to zh_CN.UTF-8
03:08:35.924 INFO : [options] C++ locale set to zh_CN.UTF-8
03:08:35.925 INFO : Setting language to: 'zh_CN'
03:08:35.925 INFO : [i18n] Scanning core translations from /usr/share/locale
03:08:35.925 INFO : [i18n] Scanning mod translations from /home/vitalyr/.local/share/cataclysm-dda/mods/
03:08:35.925 WARNING : opendir [/home/vitalyr/.local/share/cataclysm-dda/mods/] failed with "没有那个文件或目录".
03:08:36.100 WARNING : opendir [/usr/share/cataclysm-dda/cache] failed with "没有那个文件或目录".
03:08:36.124 WARNING : opendir [/home/vitalyr/.local/share/cataclysm-dda/mods] failed with "没有那个文件或目录".
03:08:44.820 : Log shutdown.
-----------------------------------------

