=========================
Fcitx 5.0.10 -- Get Signal No.: 6
Date: try "date -d @1637523409" if you are using GNU date ***
ProcessID: 1376
/usr/bin/fcitx5(+0xd104)[0x55a5a7a2b104]
/usr/lib/libc.so.6(+0x3cda0)[0x7f22f872bda0]
/usr/lib/libc.so.6(gsignal+0x142)[0x7f22f872bd22]
/usr/lib/libc.so.6(abort+0x116)[0x7f22f8715862]
/usr/lib/libFcitx5Utils.so.2(+0x2ca05)[0x7f22f8b5da05]
/usr/lib/libsystemd.so.0(+0x2214b)[0x7f22f85d014b]
/usr/lib/libsystemd.so.0(+0x22051)[0x7f22f85d0051]
/usr/lib/libsystemd.so.0(+0x21bd2)[0x7f22f85cfbd2]
/usr/lib/libsystemd.so.0(+0x22051)[0x7f22f85d0051]
/usr/lib/libsystemd.so.0(+0x21bd2)[0x7f22f85cfbd2]
/usr/lib/libsystemd.so.0(+0x22051)[0x7f22f85d0051]
/usr/lib/libsystemd.so.0(+0x21bd2)[0x7f22f85cfbd2]
/usr/lib/libsystemd.so.0(+0x22051)[0x7f22f85d0051]
/usr/lib/libsystemd.so.0(+0x21bd2)[0x7f22f85cfbd2]
/usr/lib/libsystemd.so.0(+0x22051)[0x7f22f85d0051]
/usr/lib/libsystemd.so.0(+0x21bd2)[0x7f22f85cfbd2]
/usr/lib/libsystemd.so.0(+0x22051)[0x7f22f85d0051]
/usr/lib/libsystemd.so.0(+0x21b6e)[0x7f22f85cfb6e]
/usr/lib/libsystemd.so.0(+0x221c0)[0x7f22f85d01c0]
/usr/lib/libsystemd.so.0(+0x389d8)[0x7f22f85e69d8]
/usr/lib/libsystemd.so.0(+0x4043f)[0x7f22f85ee43f]
/usr/lib/libsystemd.so.0(+0x48314)[0x7f22f85f6314]
/usr/lib/libsystemd.so.0(+0x72199)[0x7f22f8620199]
/usr/lib/libsystemd.so.0(sd_event_dispatch+0x12e)[0x7f22f862048e]
/usr/lib/libsystemd.so.0(sd_event_run+0xc9)[0x7f22f8622cc9]
/usr/lib/libsystemd.so.0(sd_event_loop+0x58)[0x7f22f8622ee8]
/usr/lib/libFcitx5Utils.so.2(_ZN5fcitx9EventLoop4execEv+0x12)[0x7f22f8b77902]
/usr/lib/libFcitx5Core.so.7(_ZN5fcitx8Instance4execEv+0x57)[0x7f22f8c55e97]
/usr/bin/fcitx5(+0xbf32)[0x55a5a7a29f32]
/usr/lib/libc.so.6(__libc_start_main+0xd5)[0x7f22f8716b25]
/usr/bin/fcitx5(+0xc38e)[0x55a5a7a2a38e]
